# JRE version: OpenJDK Runtime Environment Temurin-21.0.5+11 (21.0.5+11) (build 21.0.5+11-LTS)
# Java VM: OpenJDK 64-Bit Server VM Temurin-21.0.5+11 (21.0.5+11-LTS, mixed mode, tiered, compressed oops, compressed class ptrs, g1 gc, windows-amd64)
GC Precious Log:
 CardTable entry size: 512
 Card Set container configuration: InlinePtr #cards 5 size 8 Array Of Cards #cards 12 size 40 Howl #buckets 4 coarsen threshold 1843 Howl Bitmap #cards 512 size 80 coarsen threshold 460 Card regions per heap region 1 cards per card region 2048
 CPUs: 8 total, 8 available
 Memory: 6090M
 Large Page Support: Disabled
 NUMA Support: Disabled
 Compressed Oops: Enabled (32-bit)
 Heap Region Size: 1M
 Heap Min Capacity: 8M
 Heap Initial Capacity: 96M
 Heap Max Capacity: 1524M
 Pre-touch: Disabled
 Parallel Workers: 8
 Concurrent Workers: 2
 Concurrent Refinement Workers: 8
 Periodic GC: Disabled
Heap:
 garbage-first heap   total 174080K, used 105472K [0x00000000a0c00000, 0x0000000100000000)
  region size 1024K, 5 young (5120K), 5 survivors (5120K)
 Metaspace       used 35866K, committed 36224K, reserved 1114112K
  class space    used 3653K, committed 3840K, reserved 1048576K
GC Heap History (20 events):
Event: 16.767 GC heap after
{Heap after GC invocations=12 (full 0):
 garbage-first heap   total 80896K, used 54531K [0x00000000a0c00000, 0x0000000100000000)
  region size 1024K, 1 young (1024K), 1 survivors (1024K)
 Metaspace       used 32267K, committed 32704K, reserved 1114112K
  class space    used 3291K, committed 3520K, reserved 1048576K
}
Event: 17.758 GC heap before
{Heap before GC invocations=13 (full 0):
 garbage-first heap   total 92160K, used 66819K [0x00000000a0c00000, 0x0000000100000000)
  region size 1024K, 14 young (14336K), 1 survivors (1024K)
 Metaspace       used 33468K, committed 33856K, reserved 1114112K
  class space    used 3420K, committed 3584K, reserved 1048576K
}
Event: 17.763 GC heap after
{Heap after GC invocations=14 (full 0):
 garbage-first heap   total 92160K, used 55205K [0x00000000a0c00000, 0x0000000100000000)
  region size 1024K, 2 young (2048K), 2 survivors (2048K)
 Metaspace       used 33468K, committed 33856K, reserved 1114112K
  class space    used 3420K, committed 3584K, reserved 1048576K
}
Event: 18.971 GC heap before
{Heap before GC invocations=14 (full 0):
 garbage-first heap   total 92160K, used 74661K [0x00000000a0c00000, 0x0000000100000000)
  region size 1024K, 22 young (22528K), 2 survivors (2048K)
 Metaspace       used 34310K, committed 34624K, reserved 1114112K
  class space    used 3547K, committed 3712K, reserved 1048576K
}
Event: 18.979 GC heap after
{Heap after GC invocations=15 (full 0):
 garbage-first heap   total 92160K, used 56745K [0x00000000a0c00000, 0x0000000100000000)
  region size 1024K, 3 young (3072K), 3 survivors (3072K)
 Metaspace       used 34310K, committed 34624K, reserved 1114112K
  class space    used 3547K, committed 3712K, reserved 1048576K
}
Event: 20.057 GC heap before
{Heap before GC invocations=15 (full 0):
 garbage-first heap   total 92160K, used 76201K [0x00000000a0c00000, 0x0000000100000000)
  region size 1024K, 23 young (23552K), 3 survivors (3072K)
 Metaspace       used 34380K, committed 34752K, reserved 1114112K
  class space    used 3547K, committed 3712K, reserved 1048576K
}
Event: 20.072 GC heap after
{Heap after GC invocations=16 (full 0):
 garbage-first heap   total 92160K, used 62446K [0x00000000a0c00000, 0x0000000100000000)
  region size 1024K, 3 young (3072K), 3 survivors (3072K)
 Metaspace       used 34380K, committed 34752K, reserved 1114112K
  class space    used 3547K, committed 3712K, reserved 1048576K
}
Event: 21.105 GC heap before
{Heap before GC invocations=17 (full 0):
 garbage-first heap   total 104448K, used 78830K [0x00000000a0c00000, 0x0000000100000000)
  region size 1024K, 20 young (20480K), 3 survivors (3072K)
 Metaspace       used 34454K, committed 34880K, reserved 1114112K
  class space    used 3549K, committed 3776K, reserved 1048576K
}
Event: 21.115 GC heap after
{Heap after GC invocations=18 (full 0):
 garbage-first heap   total 104448K, used 66974K [0x00000000a0c00000, 0x0000000100000000)
  region size 1024K, 3 young (3072K), 3 survivors (3072K)
 Metaspace       used 34454K, committed 34880K, reserved 1114112K
  class space    used 3549K, committed 3776K, reserved 1048576K
}
Event: 21.774 GC heap before
{Heap before GC invocations=18 (full 0):
 garbage-first heap   total 104448K, used 87454K [0x00000000a0c00000, 0x0000000100000000)
  region size 1024K, 24 young (24576K), 3 survivors (3072K)
 Metaspace       used 34587K, committed 35072K, reserved 1114112K
  class space    used 3554K, committed 3776K, reserved 1048576K
}
Event: 21.793 GC heap after
{Heap after GC invocations=19 (full 0):
 garbage-first heap   total 125952K, used 73615K [0x00000000a0c00000, 0x0000000100000000)
  region size 1024K, 3 young (3072K), 3 survivors (3072K)
 Metaspace       used 34587K, committed 35072K, reserved 1114112K
  class space    used 3554K, committed 3776K, reserved 1048576K
}
Event: 22.993 GC heap before
{Heap before GC invocations=19 (full 0):
 garbage-first heap   total 125952K, used 103311K [0x00000000a0c00000, 0x0000000100000000)
  region size 1024K, 33 young (33792K), 3 survivors (3072K)
 Metaspace       used 35311K, committed 35712K, reserved 1114112K
  class space    used 3637K, committed 3840K, reserved 1048576K
}
Event: 23.010 GC heap after
{Heap after GC invocations=20 (full 0):
 garbage-first heap   total 125952K, used 81220K [0x00000000a0c00000, 0x0000000100000000)
  region size 1024K, 5 young (5120K), 5 survivors (5120K)
 Metaspace       used 35311K, committed 35712K, reserved 1114112K
  class space    used 3637K, committed 3840K, reserved 1048576K
}
Event: 23.391 GC heap before
{Heap before GC invocations=20 (full 0):
 garbage-first heap   total 125952K, used 105796K [0x00000000a0c00000, 0x0000000100000000)
  region size 1024K, 30 young (30720K), 5 survivors (5120K)
 Metaspace       used 35392K, committed 35776K, reserved 1114112K
  class space    used 3643K, committed 3840K, reserved 1048576K
}
Event: 23.416 GC heap after
{Heap after GC invocations=21 (full 0):
 garbage-first heap   total 125952K, used 93108K [0x00000000a0c00000, 0x0000000100000000)
  region size 1024K, 4 young (4096K), 4 survivors (4096K)
 Metaspace       used 35392K, committed 35776K, reserved 1114112K
  class space    used 3643K, committed 3840K, reserved 1048576K
}
Event: 23.613 GC heap before
{Heap before GC invocations=21 (full 0):
 garbage-first heap   total 125952K, used 108468K [0x00000000a0c00000, 0x0000000100000000)
  region size 1024K, 20 young (20480K), 4 survivors (4096K)
 Metaspace       used 35487K, committed 35904K, reserved 1114112K
  class space    used 3645K, committed 3840K, reserved 1048576K
}
Event: 23.633 GC heap after
{Heap after GC invocations=22 (full 0):
 garbage-first heap   total 125952K, used 102218K [0x00000000a0c00000, 0x0000000100000000)
  region size 1024K, 3 young (3072K), 3 survivors (3072K)
 Metaspace       used 35487K, committed 35904K, reserved 1114112K
  class space    used 3645K, committed 3840K, reserved 1048576K
}
Event: 23.925 GC heap before
{Heap before GC invocations=23 (full 0):
 garbage-first heap   total 174080K, used 113482K [0x00000000a0c00000, 0x0000000100000000)
  region size 1024K, 13 young (13312K), 3 survivors (3072K)
 Metaspace       used 35520K, committed 35968K, reserved 1114112K
  class space    used 3633K, committed 3840K, reserved 1048576K
}
Event: 23.940 GC heap after
{Heap after GC invocations=24 (full 0):
 garbage-first heap   total 174080K, used 106496K [0x00000000a0c00000, 0x0000000100000000)
  region size 1024K, 2 young (2048K), 2 survivors (2048K)
 Metaspace       used 35520K, committed 35968K, reserved 1114112K
  class space    used 3633K, committed 3840K, reserved 1048576K
}
Event: 25.125 GC heap before
{Heap before GC invocations=24 (full 0):
 garbage-first heap   total 174080K, used 145408K [0x00000000a0c00000, 0x0000000100000000)
  region size 1024K, 38 young (38912K), 2 survivors (2048K)
 Metaspace       used 35866K, committed 36224K, reserved 1114112K
  class space    used 3653K, committed 3840K, reserved 1048576K
}

