# JRE version: OpenJDK Runtime Environment Temurin-21.0.5+11 (21.0.5+11) (build 21.0.5+11-LTS)
# Java VM: OpenJDK 64-Bit Server VM Temurin-21.0.5+11 (21.0.5+11-LTS, mixed mode, tiered, compressed oops, compressed class ptrs, g1 gc, windows-amd64)
GC Precious Log:
 CardTable entry size: 512
 Card Set container configuration: InlinePtr #cards 5 size 8 Array Of Cards #cards 12 size 40 Howl #buckets 4 coarsen threshold 1843 Howl Bitmap #cards 512 size 80 coarsen threshold 460 Card regions per heap region 1 cards per card region 2048
 CPUs: 8 total, 8 available
 Memory: 6090M
 Large Page Support: Disabled
 NUMA Support: Disabled
 Compressed Oops: Enabled (32-bit)
 Heap Region Size: 1M
 Heap Min Capacity: 8M
 Heap Initial Capacity: 96M
 Heap Max Capacity: 1524M
 Pre-touch: Disabled
 Parallel Workers: 8
 Concurrent Workers: 2
 Concurrent Refinement Workers: 8
 Periodic GC: Disabled
Heap:
 garbage-first heap   total 249856K, used 120548K [0x00000000a0c00000, 0x0000000100000000)
  region size 1024K, 32 young (32768K), 4 survivors (4096K)
 Metaspace       used 36567K, committed 37056K, reserved 1114112K
  class space    used 3715K, committed 3904K, reserved 1048576K
GC Heap History (20 events):
Event: 20.378 GC heap before
{Heap before GC invocations=15 (full 0):
 garbage-first heap   total 96256K, used 81140K [0x00000000a0c00000, 0x0000000100000000)
  region size 1024K, 21 young (21504K), 3 survivors (3072K)
 Metaspace       used 34365K, committed 34816K, reserved 1114112K
  class space    used 3552K, committed 3776K, reserved 1048576K
}
Event: 20.398 GC heap after
{Heap after GC invocations=16 (full 0):
 garbage-first heap   total 115712K, used 70040K [0x00000000a0c00000, 0x0000000100000000)
  region size 1024K, 3 young (3072K), 3 survivors (3072K)
 Metaspace       used 34365K, committed 34816K, reserved 1114112K
  class space    used 3552K, committed 3776K, reserved 1048576K
}
Event: 22.891 GC heap before
{Heap before GC invocations=17 (full 0):
 garbage-first heap   total 117760K, used 95640K [0x00000000a0c00000, 0x0000000100000000)
  region size 1024K, 29 young (29696K), 3 survivors (3072K)
 Metaspace       used 35043K, committed 35392K, reserved 1114112K
  class space    used 3616K, committed 3776K, reserved 1048576K
}
Event: 22.905 GC heap after
{Heap after GC invocations=18 (full 0):
 garbage-first heap   total 117760K, used 74537K [0x00000000a0c00000, 0x0000000100000000)
  region size 1024K, 4 young (4096K), 4 survivors (4096K)
 Metaspace       used 35043K, committed 35392K, reserved 1114112K
  class space    used 3616K, committed 3776K, reserved 1048576K
}
Event: 24.086 GC heap before
{Heap before GC invocations=18 (full 0):
 garbage-first heap   total 117760K, used 99113K [0x00000000a0c00000, 0x0000000100000000)
  region size 1024K, 29 young (29696K), 4 survivors (4096K)
 Metaspace       used 35081K, committed 35520K, reserved 1114112K
  class space    used 3618K, committed 3840K, reserved 1048576K
}
Event: 24.098 GC heap after
{Heap after GC invocations=19 (full 0):
 garbage-first heap   total 117760K, used 74335K [0x00000000a0c00000, 0x0000000100000000)
  region size 1024K, 2 young (2048K), 2 survivors (2048K)
 Metaspace       used 35081K, committed 35520K, reserved 1114112K
  class space    used 3618K, committed 3840K, reserved 1048576K
}
Event: 25.248 GC heap before
{Heap before GC invocations=19 (full 0):
 garbage-first heap   total 117760K, used 99935K [0x00000000a0c00000, 0x0000000100000000)
  region size 1024K, 28 young (28672K), 2 survivors (2048K)
 Metaspace       used 35158K, committed 35584K, reserved 1114112K
  class space    used 3622K, committed 3840K, reserved 1048576K
}
Event: 25.253 GC heap after
{Heap after GC invocations=20 (full 0):
 garbage-first heap   total 117760K, used 74588K [0x00000000a0c00000, 0x0000000100000000)
  region size 1024K, 3 young (3072K), 3 survivors (3072K)
 Metaspace       used 35158K, committed 35584K, reserved 1114112K
  class space    used 3622K, committed 3840K, reserved 1048576K
}
Event: 26.321 GC heap before
{Heap before GC invocations=21 (full 0):
 garbage-first heap   total 117760K, used 95068K [0x00000000a0c00000, 0x0000000100000000)
  region size 1024K, 30 young (30720K), 3 survivors (3072K)
 Metaspace       used 35322K, committed 35712K, reserved 1114112K
  class space    used 3634K, committed 3840K, reserved 1048576K
}
Event: 26.340 GC heap after
{Heap after GC invocations=22 (full 0):
 garbage-first heap   total 117760K, used 77451K [0x00000000a0c00000, 0x0000000100000000)
  region size 1024K, 4 young (4096K), 4 survivors (4096K)
 Metaspace       used 35322K, committed 35712K, reserved 1114112K
  class space    used 3634K, committed 3840K, reserved 1048576K
}
Event: 26.987 GC heap before
{Heap before GC invocations=22 (full 0):
 garbage-first heap   total 117760K, used 102027K [0x00000000a0c00000, 0x0000000100000000)
  region size 1024K, 28 young (28672K), 4 survivors (4096K)
 Metaspace       used 35551K, committed 35968K, reserved 1114112K
  class space    used 3636K, committed 3840K, reserved 1048576K
}
Event: 27.008 GC heap after
{Heap after GC invocations=23 (full 0):
 garbage-first heap   total 117760K, used 69851K [0x00000000a0c00000, 0x0000000100000000)
  region size 1024K, 4 young (4096K), 4 survivors (4096K)
 Metaspace       used 35551K, committed 35968K, reserved 1114112K
  class space    used 3636K, committed 3840K, reserved 1048576K
}
Event: 27.307 GC heap before
{Heap before GC invocations=23 (full 0):
 garbage-first heap   total 117760K, used 103643K [0x00000000a0c00000, 0x0000000100000000)
  region size 1024K, 32 young (32768K), 4 survivors (4096K)
 Metaspace       used 35634K, committed 36032K, reserved 1114112K
  class space    used 3642K, committed 3840K, reserved 1048576K
}
Event: 27.345 GC heap after
{Heap after GC invocations=24 (full 0):
 garbage-first heap   total 123904K, used 82739K [0x00000000a0c00000, 0x0000000100000000)
  region size 1024K, 4 young (4096K), 4 survivors (4096K)
 Metaspace       used 35634K, committed 36032K, reserved 1114112K
  class space    used 3642K, committed 3840K, reserved 1048576K
}
Event: 27.447 GC heap before
{Heap before GC invocations=24 (full 0):
 garbage-first heap   total 123904K, used 97075K [0x00000000a0c00000, 0x0000000100000000)
  region size 1024K, 19 young (19456K), 4 survivors (4096K)
 Metaspace       used 35644K, committed 36032K, reserved 1114112K
  class space    used 3642K, committed 3840K, reserved 1048576K
}
Event: 27.474 GC heap after
{Heap after GC invocations=25 (full 0):
 garbage-first heap   total 123904K, used 90556K [0x00000000a0c00000, 0x0000000100000000)
  region size 1024K, 4 young (4096K), 4 survivors (4096K)
 Metaspace       used 35644K, committed 36032K, reserved 1114112K
  class space    used 3642K, committed 3840K, reserved 1048576K
}
Event: 27.920 GC heap before
{Heap before GC invocations=26 (full 0):
 garbage-first heap   total 150528K, used 104892K [0x00000000a0c00000, 0x0000000100000000)
  region size 1024K, 20 young (20480K), 4 survivors (4096K)
 Metaspace       used 35716K, committed 36096K, reserved 1114112K
  class space    used 3648K, committed 3840K, reserved 1048576K
}
Event: 27.945 GC heap after
{Heap after GC invocations=27 (full 0):
 garbage-first heap   total 150528K, used 96256K [0x00000000a0c00000, 0x0000000100000000)
  region size 1024K, 3 young (3072K), 3 survivors (3072K)
 Metaspace       used 35716K, committed 36096K, reserved 1114112K
  class space    used 3648K, committed 3840K, reserved 1048576K
}
Event: 28.675 GC heap before
{Heap before GC invocations=27 (full 0):
 garbage-first heap   total 150528K, used 122880K [0x00000000a0c00000, 0x0000000100000000)
  region size 1024K, 30 young (30720K), 3 survivors (3072K)
 Metaspace       used 36016K, committed 36416K, reserved 1114112K
  class space    used 3664K, committed 3840K, reserved 1048576K
}
Event: 28.708 GC heap after
{Heap after GC invocations=28 (full 0):
 garbage-first heap   total 249856K, used 92900K [0x00000000a0c00000, 0x0000000100000000)
  region size 1024K, 4 young (4096K), 4 survivors (4096K)
 Metaspace       used 36016K, committed 36416K, reserved 1114112K
  class space    used 3664K, committed 3840K, reserved 1048576K
}

